<?xml version="1.0" encoding="UTF-8"?>
<robot generator="Robot 7.3 (Python 3.13.4 on win32)" generated="2025-06-13T15:36:53.641635" rpa="false" schemaversion="5">
<suite id="s1" name="Fran Oms Ui" source="C:\Users\sonyarani.dhara\WorkingDrive\BitBucket\pivotree-ct-qa-tests_robot\pivotree-ct-qa-tests-09734fa00c51\tests\francescas\fran_oms_ui.robot">
<test id="s1-t1" name="OMS Space Dashboard Visualization" line="28">
<kw name="Test setup Login and Space Selection" type="SETUP">
<kw name="Login Control Tower Account" owner="login">
<kw name="Open Control Tower URL" owner="login">
<kw name="Open Browser" owner="SeleniumLibrary">
<msg time="2025-06-13T15:36:54.295786" level="INFO">Opening browser 'Chrome' to base url 'https://fran-dev-control-tower.pivotree.engineering'.</msg>
<arg>${KIBANA_URL}</arg>
<arg>${BROWSER}</arg>
<doc>Opens a new browser instance to the optional ``url``.</doc>
<status status="PASS" start="2025-06-13T15:36:54.295573" elapsed="2.681611"/>
</kw>
<kw name="Maximize Browser Window" owner="SeleniumLibrary">
<doc>Maximizes current browser window.</doc>
<status status="PASS" start="2025-06-13T15:36:56.977419" elapsed="0.043151"/>
</kw>
<kw name="Wait Until Element Is Visible" owner="SeleniumLibrary">
<arg>${NATIVE_LOGIN_LINK_ELEMENT_PATH}</arg>
<arg>timeout=${LONG_WAIT}</arg>
<doc>Waits until the element ``locator`` is visible.</doc>
<status status="PASS" start="2025-06-13T15:36:57.021160" elapsed="46.180689"/>
</kw>
<arg>${KIBANA_URL}</arg>
<status status="PASS" start="2025-06-13T15:36:54.294869" elapsed="48.907089"/>
</kw>
<kw name="Select Native Login" owner="login">
<kw name="Click Element" owner="SeleniumLibrary">
<msg time="2025-06-13T15:37:43.202526" level="INFO">Clicking element 'xpath= //p[normalize-space()='Pivotree Control Tower Account']'.</msg>
<arg>${NATIVE_LOGIN_LINK_ELEMENT_PATH}</arg>
<doc>Click the element identified by ``locator``.</doc>
<status status="PASS" start="2025-06-13T15:37:43.202345" elapsed="0.155535"/>
</kw>
<kw name="Wait Until Element Is Visible" owner="SeleniumLibrary">
<arg>${NATIVE_LOGIN_SUBMIT_ELEMENT_PATH}</arg>
<arg>timeout=${LONG_WAIT}</arg>
<doc>Waits until the element ``locator`` is visible.</doc>
<status status="PASS" start="2025-06-13T15:37:43.358120" elapsed="0.021076"/>
</kw>
<status status="PASS" start="2025-06-13T15:37:43.202116" elapsed="0.177185"/>
</kw>
<kw name="Perform Native Login" owner="login">
<kw name="Input Text" owner="SeleniumLibrary">
<msg time="2025-06-13T15:37:43.380342" level="INFO">Typing text 'elastic_admin' into text field 'xpath= //input[@name='username']'.</msg>
<arg>${NATIVE_LOGIN_USERNAME_PATH}</arg>
<arg>${USER_NAME}</arg>
<doc>Types the given ``text`` into the text field identified by ``locator``.</doc>
<status status="PASS" start="2025-06-13T15:37:43.379855" elapsed="0.141879"/>
</kw>
<kw name="Input Password" owner="SeleniumLibrary">
<msg time="2025-06-13T15:37:43.522177" level="INFO">Typing password into text field 'xpath= //input[@name='password']'.</msg>
<msg time="2025-06-13T15:37:43.573964" level="INFO">Temporally setting log level to: NONE</msg>
<arg>${NATIVE_LOGIN_PASSWORD_PATH}</arg>
<arg>${PASSWORD}</arg>
<doc>Types the given password into the text field identified by ``locator``.</doc>
<status status="PASS" start="2025-06-13T15:37:43.521934" elapsed="0.160879"/>
</kw>
<kw name="Click Button" owner="SeleniumLibrary">
<msg time="2025-06-13T15:37:43.683228" level="INFO">Clicking button 'xpath= //button[@data-test-subj='loginSubmit']'.</msg>
<arg>${NATIVE_LOGIN_SUBMIT_ELEMENT_PATH}</arg>
<doc>Clicks the button identified by ``locator``.</doc>
<status status="PASS" start="2025-06-13T15:37:43.683018" elapsed="0.123112"/>
</kw>
<kw name="Wait Until Element Is Visible" owner="SeleniumLibrary">
<arg>${E_XPATH_VISIBILITY_CHECK}</arg>
<arg>timeout=${LONG_WAIT}</arg>
<doc>Waits until the element ``locator`` is visible.</doc>
<status status="PASS" start="2025-06-13T15:37:43.806306" elapsed="6.149297"/>
</kw>
<arg>${USER_NAME}</arg>
<arg>${PASSWORD}</arg>
<arg>${E_XPATH_VISIBILITY_CHECK}</arg>
<status status="PASS" start="2025-06-13T15:37:43.379469" elapsed="6.576376"/>
</kw>
<arg>${KIBANA_BASE_URL}</arg>
<arg>${USER_NAME}</arg>
<arg>${PASSWORD}</arg>
<arg>${OMS_SPACE_PATH}</arg>
<status status="PASS" start="2025-06-13T15:36:54.294585" elapsed="55.661445"/>
</kw>
<kw name="Select Your Space" owner="space_selector">
<kw name="Wait Until Element Is Visible" owner="SeleniumLibrary">
<arg>${SPACE_XPATH}</arg>
<arg>timeout=${MEDIUM_WAIT}</arg>
<doc>Waits until the element ``locator`` is visible.</doc>
<status status="PASS" start="2025-06-13T15:37:49.957324" elapsed="0.027891"/>
</kw>
<kw name="Click Element" owner="SeleniumLibrary">
<msg time="2025-06-13T15:37:49.985577" level="INFO">Clicking element '//a[normalize-space()='Fluent OMS']'.</msg>
<arg>${SPACE_XPATH}</arg>
<doc>Click the element identified by ``locator``.</doc>
<status status="PASS" start="2025-06-13T15:37:49.985387" elapsed="1.025067"/>
</kw>
<kw name="Wait Until Element Is Visible" owner="SeleniumLibrary">
<arg>${POST_VALIDATION_XPATH}</arg>
<doc>Waits until the element ``locator`` is visible.</doc>
<status status="PASS" start="2025-06-13T15:37:51.010801" elapsed="1.532830"/>
</kw>
<arg>${OMS_SPACE_PATH}</arg>
<arg>${POST_VALIDATION_XPATH}</arg>
<status status="PASS" start="2025-06-13T15:37:49.956455" elapsed="2.587362"/>
</kw>
<status status="PASS" start="2025-06-13T15:36:54.294229" elapsed="58.249694"/>
</kw>
<kw name="Dashboard Validation" owner="dashboard">
<kw name="Sleep" owner="BuiltIn">
<msg time="2025-06-13T15:38:22.544972" level="INFO">Slept 30 seconds.</msg>
<arg>${MEDIUM_WAIT}</arg>
<doc>Pauses the test executed for the given time.</doc>
<status status="PASS" start="2025-06-13T15:37:52.544558" elapsed="30.000678"/>
</kw>
<kw name="Element Should Not Be Visible" owner="SeleniumLibrary">
<msg time="2025-06-13T15:38:22.565741" level="INFO">Element 'xpath=//h2[normalize-space()='Unable to load visualization']' did not exist.</msg>
<arg>${XPATH_UNABLE_TO_LOAD_VISUALIZATION}</arg>
<doc>Verifies that the element identified by ``locator`` is NOT visible.</doc>
<status status="PASS" start="2025-06-13T15:38:22.545673" elapsed="0.020141"/>
</kw>
<kw name="Fail If Runtime Script Error Exists" owner="dashboard">
<kw name="Run Keyword And Return Status" owner="BuiltIn">
<kw name="Page Should Contain" owner="SeleniumLibrary">
<msg time="2025-06-13T15:38:22.740812" level="INFO" html="true">&lt;/td&gt;&lt;/tr&gt;&lt;tr&gt;&lt;td colspan="3"&gt;&lt;a href="selenium-screenshot-27.png"&gt;&lt;img src="selenium-screenshot-27.png" width="800px"&gt;&lt;/a&gt;</msg>
<msg time="2025-06-13T15:38:22.740986" level="FAIL">Page should have contained text 'Error executing runtime field or scripted field on' but did not.</msg>
<arg>${DATA_VIEW_ERROR}</arg>
<doc>Verifies that current page contains ``text``.</doc>
<status status="FAIL" start="2025-06-13T15:38:22.566344" elapsed="0.177984">Page should have contained text 'Error executing runtime field or scripted field on' but did not.</status>
</kw>
<msg time="2025-06-13T15:38:22.744469" level="INFO">${error} = False</msg>
<var>${error}</var>
<arg>Page Should Contain</arg>
<arg>${DATA_VIEW_ERROR}</arg>
<doc>Runs the given keyword with given arguments and returns the status as a Boolean value.</doc>
<status status="PASS" start="2025-06-13T15:38:22.566208" elapsed="0.178285"/>
</kw>
<kw name="Run Keyword If" owner="BuiltIn">
<arg>${error}</arg>
<arg>Fail</arg>
<arg>❌ Runtime scripted field error found on the page!</arg>
<doc>Runs the given keyword with the given arguments, if ``condition`` is true.</doc>
<status status="PASS" start="2025-06-13T15:38:22.744632" elapsed="0.000112"/>
</kw>
<status status="PASS" start="2025-06-13T15:38:22.565980" elapsed="0.178822"/>
</kw>
<status status="PASS" start="2025-06-13T15:37:52.544321" elapsed="30.200513"/>
</kw>
<kw name="Close Browser" owner="SeleniumLibrary" type="TEARDOWN">
<doc>Closes the current browser.</doc>
<status status="PASS" start="2025-06-13T15:38:22.745298" elapsed="2.570578"/>
</kw>
<status status="PASS" start="2025-06-13T15:36:54.293504" elapsed="91.022853"/>
</test>
<test id="s1-t2" name="Orders Details Dashboard Validation" line="31">
<kw name="Test setup Login and Space Selection" type="SETUP">
<kw name="Login Control Tower Account" owner="login">
<kw name="Open Control Tower URL" owner="login">
<kw name="Open Browser" owner="SeleniumLibrary">
<msg time="2025-06-13T15:38:25.318289" level="INFO">Opening browser 'Chrome' to base url 'https://fran-dev-control-tower.pivotree.engineering'.</msg>
<arg>${KIBANA_URL}</arg>
<arg>${BROWSER}</arg>
<doc>Opens a new browser instance to the optional ``url``.</doc>
<status status="PASS" start="2025-06-13T15:38:25.318140" elapsed="3.427136"/>
</kw>
<kw name="Maximize Browser Window" owner="SeleniumLibrary">
<doc>Maximizes current browser window.</doc>
<status status="PASS" start="2025-06-13T15:38:28.745486" elapsed="0.053955"/>
</kw>
<kw name="Wait Until Element Is Visible" owner="SeleniumLibrary">
<arg>${NATIVE_LOGIN_LINK_ELEMENT_PATH}</arg>
<arg>timeout=${LONG_WAIT}</arg>
<doc>Waits until the element ``locator`` is visible.</doc>
<status status="PASS" start="2025-06-13T15:38:28.799635" elapsed="2.698350"/>
</kw>
<arg>${KIBANA_URL}</arg>
<status status="PASS" start="2025-06-13T15:38:25.317957" elapsed="6.180283"/>
</kw>
<kw name="Select Native Login" owner="login">
<kw name="Click Element" owner="SeleniumLibrary">
<msg time="2025-06-13T15:38:31.499722" level="INFO">Clicking element 'xpath= //p[normalize-space()='Pivotree Control Tower Account']'.</msg>
<arg>${NATIVE_LOGIN_LINK_ELEMENT_PATH}</arg>
<doc>Click the element identified by ``locator``.</doc>
<status status="PASS" start="2025-06-13T15:38:31.499392" elapsed="0.138503"/>
</kw>
<kw name="Wait Until Element Is Visible" owner="SeleniumLibrary">
<arg>${NATIVE_LOGIN_SUBMIT_ELEMENT_PATH}</arg>
<arg>timeout=${LONG_WAIT}</arg>
<doc>Waits until the element ``locator`` is visible.</doc>
<status status="PASS" start="2025-06-13T15:38:31.638133" elapsed="0.030809"/>
</kw>
<status status="PASS" start="2025-06-13T15:38:31.498734" elapsed="0.170322"/>
</kw>
<kw name="Perform Native Login" owner="login">
<kw name="Input Text" owner="SeleniumLibrary">
<msg time="2025-06-13T15:38:31.669834" level="INFO">Typing text 'elastic_admin' into text field 'xpath= //input[@name='username']'.</msg>
<arg>${NATIVE_LOGIN_USERNAME_PATH}</arg>
<arg>${USER_NAME}</arg>
<doc>Types the given ``text`` into the text field identified by ``locator``.</doc>
<status status="PASS" start="2025-06-13T15:38:31.669630" elapsed="0.146028"/>
</kw>
<kw name="Input Password" owner="SeleniumLibrary">
<msg time="2025-06-13T15:38:31.816216" level="INFO">Typing password into text field 'xpath= //input[@name='password']'.</msg>
<msg time="2025-06-13T15:38:31.877486" level="INFO">Temporally setting log level to: NONE</msg>
<arg>${NATIVE_LOGIN_PASSWORD_PATH}</arg>
<arg>${PASSWORD}</arg>
<doc>Types the given password into the text field identified by ``locator``.</doc>
<status status="PASS" start="2025-06-13T15:38:31.815921" elapsed="0.183351"/>
</kw>
<kw name="Click Button" owner="SeleniumLibrary">
<msg time="2025-06-13T15:38:31.999631" level="INFO">Clicking button 'xpath= //button[@data-test-subj='loginSubmit']'.</msg>
<arg>${NATIVE_LOGIN_SUBMIT_ELEMENT_PATH}</arg>
<doc>Clicks the button identified by ``locator``.</doc>
<status status="PASS" start="2025-06-13T15:38:31.999446" elapsed="0.152669"/>
</kw>
<kw name="Wait Until Element Is Visible" owner="SeleniumLibrary">
<arg>${E_XPATH_VISIBILITY_CHECK}</arg>
<arg>timeout=${LONG_WAIT}</arg>
<doc>Waits until the element ``locator`` is visible.</doc>
<status status="PASS" start="2025-06-13T15:38:32.152302" elapsed="4.713094"/>
</kw>
<arg>${USER_NAME}</arg>
<arg>${PASSWORD}</arg>
<arg>${E_XPATH_VISIBILITY_CHECK}</arg>
<status status="PASS" start="2025-06-13T15:38:31.669249" elapsed="5.196313"/>
</kw>
<arg>${KIBANA_BASE_URL}</arg>
<arg>${USER_NAME}</arg>
<arg>${PASSWORD}</arg>
<arg>${OMS_SPACE_PATH}</arg>
<status status="PASS" start="2025-06-13T15:38:25.317722" elapsed="11.547963"/>
</kw>
<kw name="Select Your Space" owner="space_selector">
<kw name="Wait Until Element Is Visible" owner="SeleniumLibrary">
<arg>${SPACE_XPATH}</arg>
<arg>timeout=${MEDIUM_WAIT}</arg>
<doc>Waits until the element ``locator`` is visible.</doc>
<status status="PASS" start="2025-06-13T15:38:36.866654" elapsed="0.022570"/>
</kw>
<kw name="Click Element" owner="SeleniumLibrary">
<msg time="2025-06-13T15:38:36.890061" level="INFO">Clicking element '//a[normalize-space()='Fluent OMS']'.</msg>
<arg>${SPACE_XPATH}</arg>
<doc>Click the element identified by ``locator``.</doc>
<status status="PASS" start="2025-06-13T15:38:36.889576" elapsed="1.040485"/>
</kw>
<kw name="Wait Until Element Is Visible" owner="SeleniumLibrary">
<arg>${POST_VALIDATION_XPATH}</arg>
<doc>Waits until the element ``locator`` is visible.</doc>
<status status="PASS" start="2025-06-13T15:38:37.930369" elapsed="1.617769"/>
</kw>
<arg>${OMS_SPACE_PATH}</arg>
<arg>${POST_VALIDATION_XPATH}</arg>
<status status="PASS" start="2025-06-13T15:38:36.866035" elapsed="2.682362"/>
</kw>
<status status="PASS" start="2025-06-13T15:38:25.317513" elapsed="14.231074"/>
</kw>
<kw name="Validate Dashboard" owner="dashboard_wrapper">
<kw name="Open Dashboard Details" owner="dashboard">
<kw name="Open CT Dashboard" owner="dashboard">
<kw name="Click CT main menu toggle" owner="menu_utils">
<kw name="Wait Until Element Is Visible" owner="SeleniumLibrary">
<arg>${XPATH_CT_MENU_BUTTON}</arg>
<arg>timeout=${LONG_WAIT}</arg>
<doc>Waits until the element ``locator`` is visible.</doc>
<status status="PASS" start="2025-06-13T15:38:39.553656" elapsed="0.035148"/>
</kw>
<kw name="Click Element" owner="SeleniumLibrary">
<msg time="2025-06-13T15:38:39.589164" level="INFO">Clicking element 'xpath=//button[@data-test-subj='toggleNavButton']'.</msg>
<arg>${XPATH_CT_MENU_BUTTON}</arg>
<doc>Click the element identified by ``locator``.</doc>
<status status="PASS" start="2025-06-13T15:38:39.588973" elapsed="0.176816"/>
</kw>
<status status="PASS" start="2025-06-13T15:38:39.552884" elapsed="0.213060"/>
</kw>
<kw name="Click Dashboards in side menu" owner="dashboard">
<kw name="Wait Until Element Is Visible" owner="SeleniumLibrary">
<arg>${XPATH_DASHBOARD_SIDE_MENU}</arg>
<arg>timeout=${LONG_WAIT}</arg>
<doc>Waits until the element ``locator`` is visible.</doc>
<status status="PASS" start="2025-06-13T15:38:39.766585" elapsed="0.321060"/>
</kw>
<kw name="Click Element" owner="SeleniumLibrary">
<msg time="2025-06-13T15:38:40.088006" level="INFO">Clicking element 'xpath=//span[text()='Dashboards']/ancestor::a'.</msg>
<arg>${XPATH_DASHBOARD_SIDE_MENU}</arg>
<doc>Click the element identified by ``locator``.</doc>
<status status="PASS" start="2025-06-13T15:38:40.087815" elapsed="0.111195"/>
</kw>
<status status="PASS" start="2025-06-13T15:38:39.766230" elapsed="0.432872"/>
</kw>
<kw name="Search dashboard" owner="dashboard">
<kw name="Wait Until Element Is Visible" owner="SeleniumLibrary">
<arg>${XPATH_DASHBOARD_SEARCH}</arg>
<arg>timeout=${LONG_WAIT}</arg>
<doc>Waits until the element ``locator`` is visible.</doc>
<status status="PASS" start="2025-06-13T15:38:40.199527" elapsed="1.019797"/>
</kw>
<kw name="Input Text" owner="SeleniumLibrary">
<msg time="2025-06-13T15:38:41.219785" level="INFO">Typing text 'Control Tower Home' into text field 'xpath=//input[@data-test-subj='tableListSearchBox']'.</msg>
<arg>${XPATH_DASHBOARD_SEARCH}</arg>
<arg>${DASHBOARD_NAME_STRING}</arg>
<doc>Types the given ``text`` into the text field identified by ``locator``.</doc>
<status status="PASS" start="2025-06-13T15:38:41.219529" elapsed="1.207117"/>
</kw>
<arg>${DASHBOARD_NAME_STRING}</arg>
<status status="PASS" start="2025-06-13T15:38:40.199250" elapsed="2.227541"/>
</kw>
<kw name="Click Control Tower dashboard" owner="dashboard">
<kw name="Wait Until Element Is Visible" owner="SeleniumLibrary">
<arg>${XPATH_CT_DASHBOARD_XPATH}</arg>
<arg>timeout=${LONG_WAIT}</arg>
<doc>Waits until the element ``locator`` is visible.</doc>
<status status="PASS" start="2025-06-13T15:38:42.427582" elapsed="0.543464"/>
</kw>
<kw name="Click Element" owner="SeleniumLibrary">
<msg time="2025-06-13T15:38:42.971585" level="INFO">Clicking element 'xpath=//a[@data-test-subj='dashboardListingTitleLink-Control-Tower-Home']'.</msg>
<arg>${XPATH_CT_DASHBOARD_XPATH}</arg>
<doc>Click the element identified by ``locator``.</doc>
<status status="PASS" start="2025-06-13T15:38:42.971370" elapsed="0.178236"/>
</kw>
<arg>${XPATH_CT_DASHBOARD_XPATH}</arg>
<status status="PASS" start="2025-06-13T15:38:42.427063" elapsed="0.722639"/>
</kw>
<arg>${DASHBOARD_NAME_STRING}</arg>
<arg>${XPATH_CT_DASHBOARD_XPATH}</arg>
<status status="PASS" start="2025-06-13T15:38:39.551849" elapsed="3.597894"/>
</kw>
<kw name="Click Dashboards Link" owner="dashboard">
<kw name="Wait Until Element Is Visible" owner="SeleniumLibrary">
<arg>${XPATH_WHICH_DASHBOARD}</arg>
<arg>timeout=${LONG_WAIT}</arg>
<doc>Waits until the element ``locator`` is visible.</doc>
<status status="PASS" start="2025-06-13T15:38:43.150148" elapsed="4.055323"/>
</kw>
<kw name="Click Element" owner="SeleniumLibrary">
<msg time="2025-06-13T15:38:47.205942" level="INFO">Clicking element 'xpath=//a[@title='Go to Order Dashboard']'.</msg>
<arg>${XPATH_WHICH_DASHBOARD}</arg>
<doc>Click the element identified by ``locator``.</doc>
<status status="PASS" start="2025-06-13T15:38:47.205679" elapsed="0.945507"/>
</kw>
<arg>${XPATH_WHICH_DASHBOARD}</arg>
<status status="PASS" start="2025-06-13T15:38:43.149891" elapsed="5.001391"/>
</kw>
<kw name="Set Start Date To N Days Ago" owner="dashboard">
<kw name="Open Start Date Popover" owner="dashboard">
<kw name="Run Keyword And Return Status" owner="BuiltIn">
<kw name="Wait Until Element Is Visible" owner="SeleniumLibrary">
<arg>${XPATH_PRETTY_FORMAT_BUTTON}</arg>
<arg>timeout=5s</arg>
<doc>Waits until the element ``locator`` is visible.</doc>
<status status="PASS" start="2025-06-13T15:38:48.152143" elapsed="0.379750"/>
</kw>
<msg time="2025-06-13T15:38:48.532031" level="INFO">${has_pretty_format} = True</msg>
<var>${has_pretty_format}</var>
<arg>Wait Until Element Is Visible</arg>
<arg>${XPATH_PRETTY_FORMAT_BUTTON}</arg>
<arg>timeout=5s</arg>
<doc>Runs the given keyword with given arguments and returns the status as a Boolean value.</doc>
<status status="PASS" start="2025-06-13T15:38:48.152011" elapsed="0.380043"/>
</kw>
<if>
<branch type="IF" condition="&quot;${has_pretty_format}&quot; == &quot;True&quot;">
<kw name="Click Element" owner="SeleniumLibrary">
<msg time="2025-06-13T15:38:48.532539" level="INFO">Clicking element 'xpath=//button[@data-test-subj='superDatePickerShowDatesButton']'.</msg>
<arg>${XPATH_PRETTY_FORMAT_BUTTON}</arg>
<doc>Click the element identified by ``locator``.</doc>
<status status="PASS" start="2025-06-13T15:38:48.532374" elapsed="0.259525"/>
</kw>
<status status="PASS" start="2025-06-13T15:38:48.532154" elapsed="0.259816"/>
</branch>
<branch type="ELSE">
<kw name="Click Element" owner="SeleniumLibrary">
<arg>${XPATH_RELATIVE_START_POPOVER}</arg>
<doc>Click the element identified by ``locator``.</doc>
<status status="NOT RUN" start="2025-06-13T15:38:48.792164" elapsed="0.000024"/>
</kw>
<status status="NOT RUN" start="2025-06-13T15:38:48.792019" elapsed="0.000196"/>
</branch>
<status status="PASS" start="2025-06-13T15:38:48.532123" elapsed="0.260116"/>
</if>
<status status="PASS" start="2025-06-13T15:38:48.151816" elapsed="0.640468"/>
</kw>
<kw name="Wait Until Element Is Visible" owner="SeleniumLibrary">
<arg>${XPATH_DATE_NUMBER_INPUT}</arg>
<arg>timeout=${LONG_WAIT}</arg>
<doc>Waits until the element ``locator`` is visible.</doc>
<status status="PASS" start="2025-06-13T15:38:48.792362" elapsed="0.222312"/>
</kw>
<kw name="Clear Element Text" owner="SeleniumLibrary">
<arg>${XPATH_DATE_NUMBER_INPUT}</arg>
<doc>Clears the value of the text-input-element identified by ``locator``.</doc>
<status status="PASS" start="2025-06-13T15:38:49.014859" elapsed="0.095478"/>
</kw>
<kw name="Sleep" owner="BuiltIn">
<msg time="2025-06-13T15:38:50.112200" level="INFO">Slept 1 second.</msg>
<arg>1s</arg>
<doc>Pauses the test executed for the given time.</doc>
<status status="PASS" start="2025-06-13T15:38:49.111212" elapsed="1.001189"/>
</kw>
<kw name="Input Text" owner="SeleniumLibrary">
<msg time="2025-06-13T15:38:50.113140" level="INFO">Typing text '14' into text field 'xpath=//input[@data-test-subj='superDatePickerRelativeDateInputNumber']'.</msg>
<arg>${XPATH_DATE_NUMBER_INPUT}</arg>
<arg>${DAYS}</arg>
<doc>Types the given ``text`` into the text field identified by ``locator``.</doc>
<status status="PASS" start="2025-06-13T15:38:50.112726" elapsed="0.284780"/>
</kw>
<kw name="Wait Until Element Is Visible" owner="SeleniumLibrary">
<arg>${XPATH_DATE_UNIT_SELECTOR}</arg>
<doc>Waits until the element ``locator`` is visible.</doc>
<status status="PASS" start="2025-06-13T15:38:50.397928" elapsed="0.238320"/>
</kw>
<kw name="Select From List By Value" owner="SeleniumLibrary">
<msg time="2025-06-13T15:38:50.636630" level="INFO">Selecting options from selection list 'xpath=//select[@data-test-subj='superDatePickerRelativeDateInputUnitSelector']' by value d.</msg>
<arg>${XPATH_DATE_UNIT_SELECTOR}</arg>
<arg>d</arg>
<doc>Selects options from selection list ``locator`` by ``values``.</doc>
<status status="PASS" start="2025-06-13T15:38:50.636434" elapsed="0.354573"/>
</kw>
<kw name="Wait Until Element Is Visible" owner="SeleniumLibrary">
<arg>${XPATH_START_DATE_VALUE}</arg>
<arg>timeout=${LONG_WAIT}</arg>
<doc>Waits until the element ``locator`` is visible.</doc>
<status status="PASS" start="2025-06-13T15:38:50.991183" elapsed="0.034198"/>
</kw>
<kw name="Wait Until Element Is Visible" owner="SeleniumLibrary">
<arg>${XPATH_REFRESH_BUTTON}</arg>
<arg>timeout=${LONG_WAIT}</arg>
<doc>Waits until the element ``locator`` is visible.</doc>
<status status="PASS" start="2025-06-13T15:38:51.025551" elapsed="0.040036"/>
</kw>
<kw name="Click Element" owner="SeleniumLibrary">
<msg time="2025-06-13T15:38:51.065993" level="INFO">Clicking element 'xpath=//button[@data-test-subj='querySubmitButton']'.</msg>
<arg>${XPATH_REFRESH_BUTTON}</arg>
<doc>Click the element identified by ``locator``.</doc>
<status status="PASS" start="2025-06-13T15:38:51.065772" elapsed="0.357054"/>
</kw>
<kw name="Sleep" owner="BuiltIn">
<msg time="2025-06-13T15:38:56.424005" level="INFO">Slept 5 seconds.</msg>
<arg>${SHORT_WAIT}</arg>
<doc>Pauses the test executed for the given time.</doc>
<status status="PASS" start="2025-06-13T15:38:51.423172" elapsed="5.001082"/>
</kw>
<arg>${NO_OF_DAYS_FILTER}</arg>
<status status="PASS" start="2025-06-13T15:38:48.151466" elapsed="8.273120"/>
</kw>
<kw name="Fail If Runtime Script Error Exists" owner="dashboard">
<kw name="Run Keyword And Return Status" owner="BuiltIn">
<kw name="Page Should Contain" owner="SeleniumLibrary">
<msg time="2025-06-13T15:38:56.818249" level="INFO" html="true">&lt;/td&gt;&lt;/tr&gt;&lt;tr&gt;&lt;td colspan="3"&gt;&lt;a href="selenium-screenshot-28.png"&gt;&lt;img src="selenium-screenshot-28.png" width="800px"&gt;&lt;/a&gt;</msg>
<msg time="2025-06-13T15:38:56.818398" level="FAIL">Page should have contained text 'Error executing runtime field or scripted field on' but did not.</msg>
<arg>${DATA_VIEW_ERROR}</arg>
<doc>Verifies that current page contains ``text``.</doc>
<status status="FAIL" start="2025-06-13T15:38:56.426140" elapsed="0.392702">Page should have contained text 'Error executing runtime field or scripted field on' but did not.</status>
</kw>
<msg time="2025-06-13T15:38:56.818950" level="INFO">${error} = False</msg>
<var>${error}</var>
<arg>Page Should Contain</arg>
<arg>${DATA_VIEW_ERROR}</arg>
<doc>Runs the given keyword with given arguments and returns the status as a Boolean value.</doc>
<status status="PASS" start="2025-06-13T15:38:56.425887" elapsed="0.393080"/>
</kw>
<kw name="Run Keyword If" owner="BuiltIn">
<arg>${error}</arg>
<arg>Fail</arg>
<arg>❌ Runtime scripted field error found on the page!</arg>
<doc>Runs the given keyword with the given arguments, if ``condition`` is true.</doc>
<status status="PASS" start="2025-06-13T15:38:56.819111" elapsed="0.000102"/>
</kw>
<status status="PASS" start="2025-06-13T15:38:56.425145" elapsed="0.394172"/>
</kw>
<arg>${NO_OF_DAYS_FILTER}</arg>
<arg>${DASHBOARD_NAME_STRING}</arg>
<arg>${XPATH_CT_DASHBOARD_XPATH}</arg>
<arg>${XPATH_WHICH_DASHBOARD}</arg>
<status status="PASS" start="2025-06-13T15:38:39.550569" elapsed="17.268783"/>
</kw>
<arg>14</arg>
<arg>${CT_HOME_STRING}</arg>
<arg>${XPATH_CT_HOME_DASHBOARD_XPATH}</arg>
<arg>${XPATH_ORDER_DASHBOARD}</arg>
<status status="PASS" start="2025-06-13T15:38:39.549380" elapsed="17.270009"/>
</kw>
<kw name="Validate elements are visible" owner="validation">
<kw name="Wait Until Page Contains Element" owner="SeleniumLibrary">
<msg time="2025-06-13T15:39:57.154072" level="INFO" html="true">&lt;/td&gt;&lt;/tr&gt;&lt;tr&gt;&lt;td colspan="3"&gt;&lt;a href="selenium-screenshot-29.png"&gt;&lt;img src="selenium-screenshot-29.png" width="800px"&gt;&lt;/a&gt;</msg>
<msg time="2025-06-13T15:39:57.154190" level="FAIL">Element 'xpath=//span[text()='Raw']' did not appear in 1 minute.</msg>
<arg>${XPATH_OF_ELEMENT_CHECK}</arg>
<arg>timeout=${LONG_WAIT}</arg>
<doc>Waits until the element ``locator`` appears on the current page.</doc>
<status status="FAIL" start="2025-06-13T15:38:56.820016" elapsed="60.337454">Element 'xpath=//span[text()='Raw']' did not appear in 1 minute.</status>
</kw>
<arg>${XPATH_VISUALIZATION_RAW}</arg>
<status status="FAIL" start="2025-06-13T15:38:56.819779" elapsed="60.338005">Element 'xpath=//span[text()='Raw']' did not appear in 1 minute.</status>
</kw>
<kw name="Validate elements are visible" owner="validation">
<arg>${XPATH_VISUALIZATION_FORMATTED}</arg>
<status status="NOT RUN" start="2025-06-13T15:39:57.158481" elapsed="0.000084"/>
</kw>
<kw name="Close Browser" owner="SeleniumLibrary" type="TEARDOWN">
<doc>Closes the current browser.</doc>
<status status="PASS" start="2025-06-13T15:39:57.159300" elapsed="2.544557"/>
</kw>
<status status="FAIL" start="2025-06-13T15:38:25.317096" elapsed="94.387743">Element 'xpath=//span[text()='Raw']' did not appear in 1 minute.</status>
</test>
<test id="s1-t3" name="Fulfillment Dashboard Validation" line="36">
<kw name="Test setup Login and Space Selection" type="SETUP">
<kw name="Login Control Tower Account" owner="login">
<kw name="Open Control Tower URL" owner="login">
<kw name="Open Browser" owner="SeleniumLibrary">
<msg time="2025-06-13T15:39:59.711460" level="INFO">Opening browser 'Chrome' to base url 'https://fran-dev-control-tower.pivotree.engineering'.</msg>
<arg>${KIBANA_URL}</arg>
<arg>${BROWSER}</arg>
<doc>Opens a new browser instance to the optional ``url``.</doc>
<status status="PASS" start="2025-06-13T15:39:59.711127" elapsed="3.781033"/>
</kw>
<kw name="Maximize Browser Window" owner="SeleniumLibrary">
<doc>Maximizes current browser window.</doc>
<status status="PASS" start="2025-06-13T15:40:03.492499" elapsed="0.043588"/>
</kw>
<kw name="Wait Until Element Is Visible" owner="SeleniumLibrary">
<arg>${NATIVE_LOGIN_LINK_ELEMENT_PATH}</arg>
<arg>timeout=${LONG_WAIT}</arg>
<doc>Waits until the element ``locator`` is visible.</doc>
<status status="PASS" start="2025-06-13T15:40:03.536309" elapsed="3.567444"/>
</kw>
<arg>${KIBANA_URL}</arg>
<status status="PASS" start="2025-06-13T15:39:59.710619" elapsed="7.393219"/>
</kw>
<kw name="Select Native Login" owner="login">
<kw name="Click Element" owner="SeleniumLibrary">
<msg time="2025-06-13T15:40:07.104306" level="INFO">Clicking element 'xpath= //p[normalize-space()='Pivotree Control Tower Account']'.</msg>
<arg>${NATIVE_LOGIN_LINK_ELEMENT_PATH}</arg>
<doc>Click the element identified by ``locator``.</doc>
<status status="PASS" start="2025-06-13T15:40:07.104167" elapsed="0.185735"/>
</kw>
<kw name="Wait Until Element Is Visible" owner="SeleniumLibrary">
<arg>${NATIVE_LOGIN_SUBMIT_ELEMENT_PATH}</arg>
<arg>timeout=${LONG_WAIT}</arg>
<doc>Waits until the element ``locator`` is visible.</doc>
<status status="PASS" start="2025-06-13T15:40:07.290065" elapsed="0.031626"/>
</kw>
<status status="PASS" start="2025-06-13T15:40:07.103969" elapsed="0.217807"/>
</kw>
<kw name="Perform Native Login" owner="login">
<kw name="Input Text" owner="SeleniumLibrary">
<msg time="2025-06-13T15:40:07.322358" level="INFO">Typing text 'elastic_admin' into text field 'xpath= //input[@name='username']'.</msg>
<arg>${NATIVE_LOGIN_USERNAME_PATH}</arg>
<arg>${USER_NAME}</arg>
<doc>Types the given ``text`` into the text field identified by ``locator``.</doc>
<status status="PASS" start="2025-06-13T15:40:07.322201" elapsed="0.202667"/>
</kw>
<kw name="Input Password" owner="SeleniumLibrary">
<msg time="2025-06-13T15:40:07.525256" level="INFO">Typing password into text field 'xpath= //input[@name='password']'.</msg>
<msg time="2025-06-13T15:40:07.588975" level="INFO">Temporally setting log level to: NONE</msg>
<arg>${NATIVE_LOGIN_PASSWORD_PATH}</arg>
<arg>${PASSWORD}</arg>
<doc>Types the given password into the text field identified by ``locator``.</doc>
<status status="PASS" start="2025-06-13T15:40:07.525039" elapsed="0.190905"/>
</kw>
<kw name="Click Button" owner="SeleniumLibrary">
<msg time="2025-06-13T15:40:07.716297" level="INFO">Clicking button 'xpath= //button[@data-test-subj='loginSubmit']'.</msg>
<arg>${NATIVE_LOGIN_SUBMIT_ELEMENT_PATH}</arg>
<doc>Clicks the button identified by ``locator``.</doc>
<status status="PASS" start="2025-06-13T15:40:07.716116" elapsed="0.169355"/>
</kw>
<kw name="Wait Until Element Is Visible" owner="SeleniumLibrary">
<arg>${E_XPATH_VISIBILITY_CHECK}</arg>
<arg>timeout=${LONG_WAIT}</arg>
<doc>Waits until the element ``locator`` is visible.</doc>
<status status="PASS" start="2025-06-13T15:40:07.885645" elapsed="4.684014"/>
</kw>
<arg>${USER_NAME}</arg>
<arg>${PASSWORD}</arg>
<arg>${E_XPATH_VISIBILITY_CHECK}</arg>
<status status="PASS" start="2025-06-13T15:40:07.321923" elapsed="5.247828"/>
</kw>
<arg>${KIBANA_BASE_URL}</arg>
<arg>${USER_NAME}</arg>
<arg>${PASSWORD}</arg>
<arg>${OMS_SPACE_PATH}</arg>
<status status="PASS" start="2025-06-13T15:39:59.709658" elapsed="12.860135"/>
</kw>
<kw name="Select Your Space" owner="space_selector">
<kw name="Wait Until Element Is Visible" owner="SeleniumLibrary">
<arg>${SPACE_XPATH}</arg>
<arg>timeout=${MEDIUM_WAIT}</arg>
<doc>Waits until the element ``locator`` is visible.</doc>
<status status="PASS" start="2025-06-13T15:40:12.570209" elapsed="0.028516"/>
</kw>
<kw name="Click Element" owner="SeleniumLibrary">
<msg time="2025-06-13T15:40:12.599386" level="INFO">Clicking element '//a[normalize-space()='Fluent OMS']'.</msg>
<arg>${SPACE_XPATH}</arg>
<doc>Click the element identified by ``locator``.</doc>
<status status="PASS" start="2025-06-13T15:40:12.598985" elapsed="1.268266"/>
</kw>
<kw name="Wait Until Element Is Visible" owner="SeleniumLibrary">
<arg>${POST_VALIDATION_XPATH}</arg>
<doc>Waits until the element ``locator`` is visible.</doc>
<status status="PASS" start="2025-06-13T15:40:13.867525" elapsed="1.223666"/>
</kw>
<arg>${OMS_SPACE_PATH}</arg>
<arg>${POST_VALIDATION_XPATH}</arg>
<status status="PASS" start="2025-06-13T15:40:12.569944" elapsed="2.521411"/>
</kw>
<status status="PASS" start="2025-06-13T15:39:59.708666" elapsed="15.382788"/>
</kw>
<kw name="Validate Dashboard" owner="dashboard_wrapper">
<kw name="Open Dashboard Details" owner="dashboard">
<kw name="Open CT Dashboard" owner="dashboard">
<kw name="Click CT main menu toggle" owner="menu_utils">
<kw name="Wait Until Element Is Visible" owner="SeleniumLibrary">
<arg>${XPATH_CT_MENU_BUTTON}</arg>
<arg>timeout=${LONG_WAIT}</arg>
<doc>Waits until the element ``locator`` is visible.</doc>
<status status="PASS" start="2025-06-13T15:40:15.094562" elapsed="0.047702"/>
</kw>
<kw name="Click Element" owner="SeleniumLibrary">
<msg time="2025-06-13T15:40:15.142756" level="INFO">Clicking element 'xpath=//button[@data-test-subj='toggleNavButton']'.</msg>
<arg>${XPATH_CT_MENU_BUTTON}</arg>
<doc>Click the element identified by ``locator``.</doc>
<status status="PASS" start="2025-06-13T15:40:15.142459" elapsed="0.164129"/>
</kw>
<status status="PASS" start="2025-06-13T15:40:15.094173" elapsed="0.212756"/>
</kw>
<kw name="Click Dashboards in side menu" owner="dashboard">
<kw name="Wait Until Element Is Visible" owner="SeleniumLibrary">
<arg>${XPATH_DASHBOARD_SIDE_MENU}</arg>
<arg>timeout=${LONG_WAIT}</arg>
<doc>Waits until the element ``locator`` is visible.</doc>
<status status="PASS" start="2025-06-13T15:40:15.307567" elapsed="0.095737"/>
</kw>
<kw name="Click Element" owner="SeleniumLibrary">
<msg time="2025-06-13T15:40:15.403681" level="INFO">Clicking element 'xpath=//span[text()='Dashboards']/ancestor::a'.</msg>
<arg>${XPATH_DASHBOARD_SIDE_MENU}</arg>
<doc>Click the element identified by ``locator``.</doc>
<status status="PASS" start="2025-06-13T15:40:15.403483" elapsed="0.138094"/>
</kw>
<status status="PASS" start="2025-06-13T15:40:15.307186" elapsed="0.234486"/>
</kw>
<kw name="Search dashboard" owner="dashboard">
<kw name="Wait Until Element Is Visible" owner="SeleniumLibrary">
<arg>${XPATH_DASHBOARD_SEARCH}</arg>
<arg>timeout=${LONG_WAIT}</arg>
<doc>Waits until the element ``locator`` is visible.</doc>
<status status="PASS" start="2025-06-13T15:40:15.542083" elapsed="1.076938"/>
</kw>
<kw name="Input Text" owner="SeleniumLibrary">
<msg time="2025-06-13T15:40:16.619445" level="INFO">Typing text 'Control Tower Home' into text field 'xpath=//input[@data-test-subj='tableListSearchBox']'.</msg>
<arg>${XPATH_DASHBOARD_SEARCH}</arg>
<arg>${DASHBOARD_NAME_STRING}</arg>
<doc>Types the given ``text`` into the text field identified by ``locator``.</doc>
<status status="PASS" start="2025-06-13T15:40:16.619205" elapsed="1.297335"/>
</kw>
<arg>${DASHBOARD_NAME_STRING}</arg>
<status status="PASS" start="2025-06-13T15:40:15.541825" elapsed="2.374870"/>
</kw>
<kw name="Click Control Tower dashboard" owner="dashboard">
<kw name="Wait Until Element Is Visible" owner="SeleniumLibrary">
<arg>${XPATH_CT_DASHBOARD_XPATH}</arg>
<arg>timeout=${LONG_WAIT}</arg>
<doc>Waits until the element ``locator`` is visible.</doc>
<status status="PASS" start="2025-06-13T15:40:17.917428" elapsed="0.752974"/>
</kw>
<kw name="Click Element" owner="SeleniumLibrary">
<msg time="2025-06-13T15:40:18.671453" level="INFO">Clicking element 'xpath=//a[@data-test-subj='dashboardListingTitleLink-Control-Tower-Home']'.</msg>
<arg>${XPATH_CT_DASHBOARD_XPATH}</arg>
<doc>Click the element identified by ``locator``.</doc>
<status status="PASS" start="2025-06-13T15:40:18.670856" elapsed="0.285338"/>
</kw>
<arg>${XPATH_CT_DASHBOARD_XPATH}</arg>
<status status="PASS" start="2025-06-13T15:40:17.916962" elapsed="1.039441"/>
</kw>
<arg>${DASHBOARD_NAME_STRING}</arg>
<arg>${XPATH_CT_DASHBOARD_XPATH}</arg>
<status status="PASS" start="2025-06-13T15:40:15.093683" elapsed="3.862837"/>
</kw>
<kw name="Click Dashboards Link" owner="dashboard">
<kw name="Wait Until Element Is Visible" owner="SeleniumLibrary">
<arg>${XPATH_WHICH_DASHBOARD}</arg>
<arg>timeout=${LONG_WAIT}</arg>
<doc>Waits until the element ``locator`` is visible.</doc>
<status status="PASS" start="2025-06-13T15:40:18.957561" elapsed="5.504519"/>
</kw>
<kw name="Click Element" owner="SeleniumLibrary">
<msg time="2025-06-13T15:40:24.462548" level="INFO">Clicking element 'xpath=//a[@title='Go to Fulfilment Dashboard']'.</msg>
<arg>${XPATH_WHICH_DASHBOARD}</arg>
<doc>Click the element identified by ``locator``.</doc>
<status status="PASS" start="2025-06-13T15:40:24.462249" elapsed="1.038758"/>
</kw>
<arg>${XPATH_WHICH_DASHBOARD}</arg>
<status status="PASS" start="2025-06-13T15:40:18.956868" elapsed="6.544233"/>
</kw>
<kw name="Set Start Date To N Days Ago" owner="dashboard">
<kw name="Open Start Date Popover" owner="dashboard">
<kw name="Run Keyword And Return Status" owner="BuiltIn">
<kw name="Wait Until Element Is Visible" owner="SeleniumLibrary">
<arg>${XPATH_PRETTY_FORMAT_BUTTON}</arg>
<arg>timeout=5s</arg>
<doc>Waits until the element ``locator`` is visible.</doc>
<status status="PASS" start="2025-06-13T15:40:25.502576" elapsed="0.715670"/>
</kw>
<msg time="2025-06-13T15:40:26.218361" level="INFO">${has_pretty_format} = True</msg>
<var>${has_pretty_format}</var>
<arg>Wait Until Element Is Visible</arg>
<arg>${XPATH_PRETTY_FORMAT_BUTTON}</arg>
<arg>timeout=5s</arg>
<doc>Runs the given keyword with given arguments and returns the status as a Boolean value.</doc>
<status status="PASS" start="2025-06-13T15:40:25.502416" elapsed="0.715967"/>
</kw>
<if>
<branch type="IF" condition="&quot;${has_pretty_format}&quot; == &quot;True&quot;">
<kw name="Click Element" owner="SeleniumLibrary">
<msg time="2025-06-13T15:40:26.218807" level="INFO">Clicking element 'xpath=//button[@data-test-subj='superDatePickerShowDatesButton']'.</msg>
<arg>${XPATH_PRETTY_FORMAT_BUTTON}</arg>
<doc>Click the element identified by ``locator``.</doc>
<status status="PASS" start="2025-06-13T15:40:26.218659" elapsed="0.292089"/>
</kw>
<status status="PASS" start="2025-06-13T15:40:26.218458" elapsed="0.292396"/>
</branch>
<branch type="ELSE">
<kw name="Click Element" owner="SeleniumLibrary">
<arg>${XPATH_RELATIVE_START_POPOVER}</arg>
<doc>Click the element identified by ``locator``.</doc>
<status status="NOT RUN" start="2025-06-13T15:40:26.511133" elapsed="0.000041"/>
</kw>
<status status="NOT RUN" start="2025-06-13T15:40:26.510916" elapsed="0.000307"/>
</branch>
<status status="PASS" start="2025-06-13T15:40:26.218437" elapsed="0.292823"/>
</if>
<status status="PASS" start="2025-06-13T15:40:25.502166" elapsed="1.009161"/>
</kw>
<kw name="Wait Until Element Is Visible" owner="SeleniumLibrary">
<arg>${XPATH_DATE_NUMBER_INPUT}</arg>
<arg>timeout=${LONG_WAIT}</arg>
<doc>Waits until the element ``locator`` is visible.</doc>
<status status="PASS" start="2025-06-13T15:40:26.511499" elapsed="0.553518"/>
</kw>
<kw name="Clear Element Text" owner="SeleniumLibrary">
<arg>${XPATH_DATE_NUMBER_INPUT}</arg>
<doc>Clears the value of the text-input-element identified by ``locator``.</doc>
<status status="PASS" start="2025-06-13T15:40:27.065391" elapsed="0.362342"/>
</kw>
<kw name="Sleep" owner="BuiltIn">
<msg time="2025-06-13T15:40:28.428682" level="INFO">Slept 1 second.</msg>
<arg>1s</arg>
<doc>Pauses the test executed for the given time.</doc>
<status status="PASS" start="2025-06-13T15:40:27.427914" elapsed="1.000942"/>
</kw>
<kw name="Input Text" owner="SeleniumLibrary">
<msg time="2025-06-13T15:40:28.429550" level="INFO">Typing text '14' into text field 'xpath=//input[@data-test-subj='superDatePickerRelativeDateInputNumber']'.</msg>
<arg>${XPATH_DATE_NUMBER_INPUT}</arg>
<arg>${DAYS}</arg>
<doc>Types the given ``text`` into the text field identified by ``locator``.</doc>
<status status="PASS" start="2025-06-13T15:40:28.429155" elapsed="0.326700"/>
</kw>
<kw name="Wait Until Element Is Visible" owner="SeleniumLibrary">
<arg>${XPATH_DATE_UNIT_SELECTOR}</arg>
<doc>Waits until the element ``locator`` is visible.</doc>
<status status="PASS" start="2025-06-13T15:40:28.756017" elapsed="0.068922"/>
</kw>
<kw name="Select From List By Value" owner="SeleniumLibrary">
<msg time="2025-06-13T15:40:28.825324" level="INFO">Selecting options from selection list 'xpath=//select[@data-test-subj='superDatePickerRelativeDateInputUnitSelector']' by value d.</msg>
<arg>${XPATH_DATE_UNIT_SELECTOR}</arg>
<arg>d</arg>
<doc>Selects options from selection list ``locator`` by ``values``.</doc>
<status status="PASS" start="2025-06-13T15:40:28.825120" elapsed="0.240354"/>
</kw>
<kw name="Wait Until Element Is Visible" owner="SeleniumLibrary">
<arg>${XPATH_START_DATE_VALUE}</arg>
<arg>timeout=${LONG_WAIT}</arg>
<doc>Waits until the element ``locator`` is visible.</doc>
<status status="PASS" start="2025-06-13T15:40:29.065739" elapsed="0.036804"/>
</kw>
<kw name="Wait Until Element Is Visible" owner="SeleniumLibrary">
<arg>${XPATH_REFRESH_BUTTON}</arg>
<arg>timeout=${LONG_WAIT}</arg>
<doc>Waits until the element ``locator`` is visible.</doc>
<status status="PASS" start="2025-06-13T15:40:29.102721" elapsed="0.044170"/>
</kw>
<kw name="Click Element" owner="SeleniumLibrary">
<msg time="2025-06-13T15:40:29.148167" level="INFO">Clicking element 'xpath=//button[@data-test-subj='querySubmitButton']'.</msg>
<arg>${XPATH_REFRESH_BUTTON}</arg>
<doc>Click the element identified by ``locator``.</doc>
<status status="PASS" start="2025-06-13T15:40:29.147355" elapsed="0.457802"/>
</kw>
<kw name="Sleep" owner="BuiltIn">
<msg time="2025-06-13T15:40:34.606200" level="INFO">Slept 5 seconds.</msg>
<arg>${SHORT_WAIT}</arg>
<doc>Pauses the test executed for the given time.</doc>
<status status="PASS" start="2025-06-13T15:40:29.605325" elapsed="5.001128"/>
</kw>
<arg>${NO_OF_DAYS_FILTER}</arg>
<status status="PASS" start="2025-06-13T15:40:25.501520" elapsed="9.105169"/>
</kw>
<kw name="Fail If Runtime Script Error Exists" owner="dashboard">
<kw name="Run Keyword And Return Status" owner="BuiltIn">
<kw name="Page Should Contain" owner="SeleniumLibrary">
<msg time="2025-06-13T15:40:34.946091" level="INFO" html="true">&lt;/td&gt;&lt;/tr&gt;&lt;tr&gt;&lt;td colspan="3"&gt;&lt;a href="selenium-screenshot-30.png"&gt;&lt;img src="selenium-screenshot-30.png" width="800px"&gt;&lt;/a&gt;</msg>
<msg time="2025-06-13T15:40:34.946206" level="FAIL">Page should have contained text 'Error executing runtime field or scripted field on' but did not.</msg>
<arg>${DATA_VIEW_ERROR}</arg>
<doc>Verifies that current page contains ``text``.</doc>
<status status="FAIL" start="2025-06-13T15:40:34.608356" elapsed="0.338658">Page should have contained text 'Error executing runtime field or scripted field on' but did not.</status>
</kw>
<msg time="2025-06-13T15:40:34.947126" level="INFO">${error} = False</msg>
<var>${error}</var>
<arg>Page Should Contain</arg>
<arg>${DATA_VIEW_ERROR}</arg>
<doc>Runs the given keyword with given arguments and returns the status as a Boolean value.</doc>
<status status="PASS" start="2025-06-13T15:40:34.607926" elapsed="0.339221"/>
</kw>
<kw name="Run Keyword If" owner="BuiltIn">
<arg>${error}</arg>
<arg>Fail</arg>
<arg>❌ Runtime scripted field error found on the page!</arg>
<doc>Runs the given keyword with the given arguments, if ``condition`` is true.</doc>
<status status="PASS" start="2025-06-13T15:40:34.947275" elapsed="0.000100"/>
</kw>
<status status="PASS" start="2025-06-13T15:40:34.607162" elapsed="0.340263"/>
</kw>
<arg>${NO_OF_DAYS_FILTER}</arg>
<arg>${DASHBOARD_NAME_STRING}</arg>
<arg>${XPATH_CT_DASHBOARD_XPATH}</arg>
<arg>${XPATH_WHICH_DASHBOARD}</arg>
<status status="PASS" start="2025-06-13T15:40:15.092660" elapsed="19.854795"/>
</kw>
<arg>14</arg>
<arg>${CT_HOME_STRING}</arg>
<arg>${XPATH_CT_HOME_DASHBOARD_XPATH}</arg>
<arg>${XPATH_FULFILLMENT_DASHBOARD}</arg>
<status status="PASS" start="2025-06-13T15:40:15.091979" elapsed="19.855530"/>
</kw>
<kw name="Validate elements are visible" owner="validation">
<kw name="Wait Until Page Contains Element" owner="SeleniumLibrary">
<msg time="2025-06-13T15:41:35.241158" level="INFO" html="true">&lt;/td&gt;&lt;/tr&gt;&lt;tr&gt;&lt;td colspan="3"&gt;&lt;a href="selenium-screenshot-31.png"&gt;&lt;img src="selenium-screenshot-31.png" width="800px"&gt;&lt;/a&gt;</msg>
<msg time="2025-06-13T15:41:35.241288" level="FAIL">Element 'xpath=//span[text()='Raw']' did not appear in 1 minute.</msg>
<arg>${XPATH_OF_ELEMENT_CHECK}</arg>
<arg>timeout=${LONG_WAIT}</arg>
<doc>Waits until the element ``locator`` appears on the current page.</doc>
<status status="FAIL" start="2025-06-13T15:40:34.948214" elapsed="60.293728">Element 'xpath=//span[text()='Raw']' did not appear in 1 minute.</status>
</kw>
<arg>${XPATH_VISUALIZATION_RAW}</arg>
<status status="FAIL" start="2025-06-13T15:40:34.947908" elapsed="60.294163">Element 'xpath=//span[text()='Raw']' did not appear in 1 minute.</status>
</kw>
<kw name="Validate elements are visible" owner="validation">
<arg>${XPATH_VISUALIZATION_FORMATTED}</arg>
<status status="NOT RUN" start="2025-06-13T15:41:35.242431" elapsed="0.000034"/>
</kw>
<kw name="Close Browser" owner="SeleniumLibrary" type="TEARDOWN">
<doc>Closes the current browser.</doc>
<status status="PASS" start="2025-06-13T15:41:35.242748" elapsed="2.537446"/>
</kw>
<status status="FAIL" start="2025-06-13T15:39:59.707557" elapsed="98.073681">Element 'xpath=//span[text()='Raw']' did not appear in 1 minute.</status>
</test>
<test id="s1-t4" name="Dataview validation on discovery" line="41">
<kw name="Test setup Login and Space Selection" type="SETUP">
<kw name="Login Control Tower Account" owner="login">
<kw name="Open Control Tower URL" owner="login">
<kw name="Open Browser" owner="SeleniumLibrary">
<msg time="2025-06-13T15:41:37.786473" level="INFO">Opening browser 'Chrome' to base url 'https://fran-dev-control-tower.pivotree.engineering'.</msg>
<arg>${KIBANA_URL}</arg>
<arg>${BROWSER}</arg>
<doc>Opens a new browser instance to the optional ``url``.</doc>
<status status="PASS" start="2025-06-13T15:41:37.786318" elapsed="3.515926"/>
</kw>
<kw name="Maximize Browser Window" owner="SeleniumLibrary">
<doc>Maximizes current browser window.</doc>
<status status="PASS" start="2025-06-13T15:41:41.302677" elapsed="0.067731"/>
</kw>
<kw name="Wait Until Element Is Visible" owner="SeleniumLibrary">
<arg>${NATIVE_LOGIN_LINK_ELEMENT_PATH}</arg>
<arg>timeout=${LONG_WAIT}</arg>
<doc>Waits until the element ``locator`` is visible.</doc>
<status status="PASS" start="2025-06-13T15:41:41.370586" elapsed="3.172648"/>
</kw>
<arg>${KIBANA_URL}</arg>
<status status="PASS" start="2025-06-13T15:41:37.786099" elapsed="6.757380"/>
</kw>
<kw name="Select Native Login" owner="login">
<kw name="Click Element" owner="SeleniumLibrary">
<msg time="2025-06-13T15:41:44.544857" level="INFO">Clicking element 'xpath= //p[normalize-space()='Pivotree Control Tower Account']'.</msg>
<arg>${NATIVE_LOGIN_LINK_ELEMENT_PATH}</arg>
<doc>Click the element identified by ``locator``.</doc>
<status status="PASS" start="2025-06-13T15:41:44.544475" elapsed="0.122398"/>
</kw>
<kw name="Wait Until Element Is Visible" owner="SeleniumLibrary">
<arg>${NATIVE_LOGIN_SUBMIT_ELEMENT_PATH}</arg>
<arg>timeout=${LONG_WAIT}</arg>
<doc>Waits until the element ``locator`` is visible.</doc>
<status status="PASS" start="2025-06-13T15:41:44.667054" elapsed="0.027610"/>
</kw>
<status status="PASS" start="2025-06-13T15:41:44.543860" elapsed="0.150903"/>
</kw>
<kw name="Perform Native Login" owner="login">
<kw name="Input Text" owner="SeleniumLibrary">
<msg time="2025-06-13T15:41:44.695383" level="INFO">Typing text 'elastic_admin' into text field 'xpath= //input[@name='username']'.</msg>
<arg>${NATIVE_LOGIN_USERNAME_PATH}</arg>
<arg>${USER_NAME}</arg>
<doc>Types the given ``text`` into the text field identified by ``locator``.</doc>
<status status="PASS" start="2025-06-13T15:41:44.695219" elapsed="0.132862"/>
</kw>
<kw name="Input Password" owner="SeleniumLibrary">
<msg time="2025-06-13T15:41:44.828684" level="INFO">Typing password into text field 'xpath= //input[@name='password']'.</msg>
<msg time="2025-06-13T15:41:44.894734" level="INFO">Temporally setting log level to: NONE</msg>
<arg>${NATIVE_LOGIN_PASSWORD_PATH}</arg>
<arg>${PASSWORD}</arg>
<doc>Types the given password into the text field identified by ``locator``.</doc>
<status status="PASS" start="2025-06-13T15:41:44.828310" elapsed="0.149337"/>
</kw>
<kw name="Click Button" owner="SeleniumLibrary">
<msg time="2025-06-13T15:41:44.977940" level="INFO">Clicking button 'xpath= //button[@data-test-subj='loginSubmit']'.</msg>
<arg>${NATIVE_LOGIN_SUBMIT_ELEMENT_PATH}</arg>
<doc>Clicks the button identified by ``locator``.</doc>
<status status="PASS" start="2025-06-13T15:41:44.977791" elapsed="0.114006"/>
</kw>
<kw name="Wait Until Element Is Visible" owner="SeleniumLibrary">
<arg>${E_XPATH_VISIBILITY_CHECK}</arg>
<arg>timeout=${LONG_WAIT}</arg>
<doc>Waits until the element ``locator`` is visible.</doc>
<status status="PASS" start="2025-06-13T15:41:45.091971" elapsed="5.126417"/>
</kw>
<arg>${USER_NAME}</arg>
<arg>${PASSWORD}</arg>
<arg>${E_XPATH_VISIBILITY_CHECK}</arg>
<status status="PASS" start="2025-06-13T15:41:44.694931" elapsed="5.523554"/>
</kw>
<arg>${KIBANA_BASE_URL}</arg>
<arg>${USER_NAME}</arg>
<arg>${PASSWORD}</arg>
<arg>${OMS_SPACE_PATH}</arg>
<status status="PASS" start="2025-06-13T15:41:37.785802" elapsed="12.432837"/>
</kw>
<kw name="Select Your Space" owner="space_selector">
<kw name="Wait Until Element Is Visible" owner="SeleniumLibrary">
<arg>${SPACE_XPATH}</arg>
<arg>timeout=${MEDIUM_WAIT}</arg>
<doc>Waits until the element ``locator`` is visible.</doc>
<status status="PASS" start="2025-06-13T15:41:50.219216" elapsed="0.025296"/>
</kw>
<kw name="Click Element" owner="SeleniumLibrary">
<msg time="2025-06-13T15:41:50.244871" level="INFO">Clicking element '//a[normalize-space()='Fluent OMS']'.</msg>
<arg>${SPACE_XPATH}</arg>
<doc>Click the element identified by ``locator``.</doc>
<status status="PASS" start="2025-06-13T15:41:50.244683" elapsed="1.153980"/>
</kw>
<kw name="Wait Until Element Is Visible" owner="SeleniumLibrary">
<arg>${POST_VALIDATION_XPATH}</arg>
<doc>Waits until the element ``locator`` is visible.</doc>
<status status="PASS" start="2025-06-13T15:41:51.398947" elapsed="2.177910"/>
</kw>
<arg>${OMS_SPACE_PATH}</arg>
<arg>${POST_VALIDATION_XPATH}</arg>
<status status="PASS" start="2025-06-13T15:41:50.218809" elapsed="3.358140"/>
</kw>
<status status="PASS" start="2025-06-13T15:41:37.785530" elapsed="15.791464"/>
</kw>
<kw name="Click CT main menu toggle" owner="menu_utils">
<kw name="Wait Until Element Is Visible" owner="SeleniumLibrary">
<arg>${XPATH_CT_MENU_BUTTON}</arg>
<arg>timeout=${LONG_WAIT}</arg>
<doc>Waits until the element ``locator`` is visible.</doc>
<status status="PASS" start="2025-06-13T15:41:53.577762" elapsed="0.042949"/>
</kw>
<kw name="Click Element" owner="SeleniumLibrary">
<msg time="2025-06-13T15:41:53.621086" level="INFO">Clicking element 'xpath=//button[@data-test-subj='toggleNavButton']'.</msg>
<arg>${XPATH_CT_MENU_BUTTON}</arg>
<doc>Click the element identified by ``locator``.</doc>
<status status="PASS" start="2025-06-13T15:41:53.620880" elapsed="0.360492"/>
</kw>
<status status="PASS" start="2025-06-13T15:41:53.577489" elapsed="0.404056"/>
</kw>
<kw name="Click menu in side menu option" owner="menu_utils">
<kw name="Wait Until Element Is Visible" owner="SeleniumLibrary">
<arg>${XPATH_MENU_SELECTION}</arg>
<arg>timeout=${LONG_WAIT}</arg>
<doc>Waits until the element ``locator`` is visible.</doc>
<status status="PASS" start="2025-06-13T15:41:53.982398" elapsed="0.127039"/>
</kw>
<kw name="Click Element" owner="SeleniumLibrary">
<msg time="2025-06-13T15:41:54.109806" level="INFO">Clicking element 'xpath=//span[text()='Discover']/ancestor::a'.</msg>
<arg>${XPATH_MENU_SELECTION}</arg>
<doc>Click the element identified by ``locator``.</doc>
<status status="PASS" start="2025-06-13T15:41:54.109616" elapsed="0.270757"/>
</kw>
<arg>${XPATH_DISCOVER_SIDE_MENU}</arg>
<status status="PASS" start="2025-06-13T15:41:53.982072" elapsed="0.398397"/>
</kw>
<kw name="Validate elements are visible" owner="validation">
<kw name="Wait Until Page Contains Element" owner="SeleniumLibrary">
<arg>${XPATH_OF_ELEMENT_CHECK}</arg>
<arg>timeout=${LONG_WAIT}</arg>
<doc>Waits until the element ``locator`` appears on the current page.</doc>
<status status="PASS" start="2025-06-13T15:41:54.381298" elapsed="2.350518"/>
</kw>
<arg>${XPATH_DATA_VIEW_HEADER}</arg>
<status status="PASS" start="2025-06-13T15:41:54.380972" elapsed="2.351051"/>
</kw>
<kw name="Search Dataview for CSV Input" owner="discover_dataview">
<kw name="Get File" owner="OperatingSystem">
<msg time="2025-06-13T15:41:56.733302" level="INFO" html="true">Getting file '&lt;a href="file://C:\Users\sonyarani.dhara\WorkingDrive\BitBucket\pivotree-ct-qa-tests_robot\pivotree-ct-qa-tests-09734fa00c51\tests\francescas\tests\francescas\data_view_names.csv"&gt;C:\Users\sonyarani.dhara\WorkingDrive\BitBucket\pivotree-ct-qa-tests_robot\pivotree-ct-qa-tests-09734fa00c51\tests\francescas\tests\francescas\data_view_names.csv&lt;/a&gt;'.</msg>
<msg time="2025-06-13T15:41:56.733509" level="FAIL">FileNotFoundError: [Errno 2] No such file or directory: 'C:\\Users\\sonyarani.dhara\\WorkingDrive\\BitBucket\\pivotree-ct-qa-tests_robot\\pivotree-ct-qa-tests-09734fa00c51\\tests\\francescas\\tests\\francescas\\data_view_names.csv'</msg>
<var>${file_content}</var>
<arg>${DATA_VIEW_CSV_INPUT}</arg>
<doc>Returns the contents of a specified file.</doc>
<status status="FAIL" start="2025-06-13T15:41:56.733135" elapsed="0.000439">FileNotFoundError: [Errno 2] No such file or directory: 'C:\\Users\\sonyarani.dhara\\WorkingDrive\\BitBucket\\pivotree-ct-qa-tests_robot\\pivotree-ct-qa-tests-09734fa00c51\\tests\\francescas\\tests\\francescas\\data_view_names.csv'</status>
</kw>
<kw name="Split To Lines" owner="String">
<var>${lines}</var>
<arg>${file_content}</arg>
<doc>Splits the given string to lines.</doc>
<status status="NOT RUN" start="2025-06-13T15:41:56.733714" elapsed="0.000026"/>
</kw>
<kw name="Split String" owner="String">
<var>${headers}</var>
<arg>${lines[0]}</arg>
<arg>${STRING_COMA}</arg>
<doc>Splits the ``string`` using ``separator`` as a delimiter string.</doc>
<status status="NOT RUN" start="2025-06-13T15:41:56.733829" elapsed="0.000017"/>
</kw>
<kw name="Get Index From List" owner="Collections">
<var>${idx_name}</var>
<arg>${headers}</arg>
<arg>${STRING_DATA_VIEW}</arg>
<doc>Returns the index of the first occurrence of the ``value`` on the list.</doc>
<status status="NOT RUN" start="2025-06-13T15:41:56.733938" elapsed="0.000021"/>
</kw>
<kw name="Get Index From List" owner="Collections">
<var>${idx_days}</var>
<arg>${headers}</arg>
<arg>${STRING_NO_OF_DAYS_AGO}</arg>
<doc>Returns the index of the first occurrence of the ``value`` on the list.</doc>
<status status="NOT RUN" start="2025-06-13T15:41:56.734036" elapsed="0.000020"/>
</kw>
<for flavor="IN">
<iter>
<kw name="Split String" owner="String">
<var>${columns}</var>
<arg>${line}</arg>
<arg>${STRING_COMA}</arg>
<doc>Splits the ``string`` using ``separator`` as a delimiter string.</doc>
<status status="NOT RUN" start="2025-06-13T15:41:56.734355" elapsed="0.000030"/>
</kw>
<kw name="Get From List" owner="Collections">
<var>${data_view}</var>
<arg>${columns}</arg>
<arg>${idx_name}</arg>
<doc>Returns the value specified with an ``index`` from ``list``.</doc>
<status status="NOT RUN" start="2025-06-13T15:41:56.734496" elapsed="0.000019"/>
</kw>
<kw name="Get From List" owner="Collections">
<var>${days_ago}</var>
<arg>${columns}</arg>
<arg>${idx_days}</arg>
<doc>Returns the value specified with an ``index`` from ``list``.</doc>
<status status="NOT RUN" start="2025-06-13T15:41:56.734605" elapsed="0.000020"/>
</kw>
<kw name="Strip String" owner="String">
<var>${data_view}</var>
<arg>${data_view}</arg>
<doc>Remove leading and/or trailing whitespaces from the given string.</doc>
<status status="NOT RUN" start="2025-06-13T15:41:56.734715" elapsed="0.000021"/>
</kw>
<kw name="Strip String" owner="String">
<var>${days_ago}</var>
<arg>${days_ago}</arg>
<doc>Remove leading and/or trailing whitespaces from the given string.</doc>
<status status="NOT RUN" start="2025-06-13T15:41:56.734837" elapsed="0.000020"/>
</kw>
<kw name="Log" owner="BuiltIn">
<arg>🔎 Checking DataView: ${data_view} for ${days_ago} days ago</arg>
<doc>Logs the given message with the given level.</doc>
<status status="NOT RUN" start="2025-06-13T15:41:56.734955" elapsed="0.000020"/>
</kw>
<kw name="Sleep" owner="BuiltIn">
<arg>${MEDIUM_WAIT}</arg>
<doc>Pauses the test executed for the given time.</doc>
<status status="NOT RUN" start="2025-06-13T15:41:56.736353" elapsed="0.000048"/>
</kw>
<kw name="Click Dataview Drop Down" owner="discover_dataview">
<status status="NOT RUN" start="2025-06-13T15:41:56.736539" elapsed="0.000034"/>
</kw>
<kw name="Run Keyword And Continue On Failure" owner="BuiltIn">
<arg>Search Dataview</arg>
<arg>${data_view}</arg>
<arg>${days_ago}</arg>
<doc>Runs the keyword and continues execution even if a failure occurs.</doc>
<status status="NOT RUN" start="2025-06-13T15:41:56.736647" elapsed="0.000017"/>
</kw>
<kw name="Run Keyword And Continue On Failure" owner="BuiltIn">
<arg>Validate Discover Errors</arg>
<doc>Runs the keyword and continues execution even if a failure occurs.</doc>
<status status="NOT RUN" start="2025-06-13T15:41:56.736728" elapsed="0.000080"/>
</kw>
<var name="${line}"/>
<status status="NOT RUN" start="2025-06-13T15:41:56.734246" elapsed="0.002589"/>
</iter>
<var>${line}</var>
<value>@{lines[1:]}</value>
<status status="NOT RUN" start="2025-06-13T15:41:56.734115" elapsed="0.002765"/>
</for>
<arg>${DATA_VIEW_CSV_INPUT}</arg>
<status status="FAIL" start="2025-06-13T15:41:56.732620" elapsed="0.004360">FileNotFoundError: [Errno 2] No such file or directory: 'C:\\Users\\sonyarani.dhara\\WorkingDrive\\BitBucket\\pivotree-ct-qa-tests_robot\\pivotree-ct-qa-tests-09734fa00c51\\tests\\francescas\\tests\\francescas\\data_view_names.csv'</status>
</kw>
<kw name="Close Browser" owner="SeleniumLibrary" type="TEARDOWN">
<doc>Closes the current browser.</doc>
<status status="PASS" start="2025-06-13T15:41:56.737340" elapsed="2.447317"/>
</kw>
<status status="FAIL" start="2025-06-13T15:41:37.784060" elapsed="21.401405">FileNotFoundError: [Errno 2] No such file or directory: 'C:\\Users\\sonyarani.dhara\\WorkingDrive\\BitBucket\\pivotree-ct-qa-tests_robot\\pivotree-ct-qa-tests-09734fa00c51\\tests\\francescas\\tests\\francescas\\data_view_names.csv'</status>
</test>
<status status="FAIL" start="2025-06-13T15:36:53.642944" elapsed="305.544515"/>
</suite>
<statistics>
<total>
<stat pass="1" fail="3" skip="0">All Tests</stat>
</total>
<tag>
</tag>
<suite>
<stat name="Fran Oms Ui" id="s1" pass="1" fail="3" skip="0">Fran Oms Ui</stat>
</suite>
</statistics>
<errors>
</errors>
</robot>
